<?xml version="1.0" encoding="UTF-8"?>
<!-- Generated by org.testng.reporters.JUnitReportReporter -->
<testsuite hostname="DESKTOP-S76SA9N" failures="0" tests="1" name="com.nexsoft.runner.NewContactRunner" time="44.049" errors="0" timestamp="2022-06-27T09:11:21 ICT" skipped="0">
  <testcase classname="com.nexsoft.runner.NewContactRunner" name="runScenario" time="44.049"/>
  <system-out/>
</testsuite> <!-- com.nexsoft.runner.NewContactRunner -->
