<?xml version="1.0" encoding="UTF-8"?>
<!-- Generated by org.testng.reporters.JUnitReportReporter -->
<<<<<<< HEAD
<testsuite hostname="DESKTOP-0MGR9KI" failures="0" tests="2" name="com.nexsoft.runner.NewEventRunner" time="40.243" errors="2" timestamp="2022-06-24T09:00:33 ICT" skipped="0">
  <testcase classname="com.nexsoft.runner.NewEventRunner" name="runScenario" time="19.076">
    <error type="java.lang.NullPointerException">
      <![CDATA[java.lang.NullPointerException
at com.nexsoft.pom.handler.DateHandler.setStartDate(DateHandler.java:121)
at com.nexsoft.pom.activity.NewEventActivity.setStartDate(NewEventActivity.java:98)
at com.nexsoft.definition.NewEventDefine.inputDate(NewEventDefine.java:89)
at âœ½.User input start date "25062022" and end date "20072022"(file:///D:/appium-workspace/contact-diary-eka/src/test/resources/NewEvent.feature:27)
]]>
    </error>
  </testcase> <!-- runScenario -->
  <system-out/>
  <testcase classname="com.nexsoft.runner.NewEventRunner" name="runScenario" time="21.167">
    <error type="java.lang.NullPointerException">
      <![CDATA[java.lang.NullPointerException
at com.nexsoft.pom.handler.DateHandler.setStartDate(DateHandler.java:121)
at com.nexsoft.pom.activity.NewEventActivity.setStartDate(NewEventActivity.java:98)
at com.nexsoft.definition.NewEventDefine.inputDate(NewEventDefine.java:89)
at âœ½.User input start date <stardate> and end date <enddate>(file:///D:/appium-workspace/contact-diary-eka/src/test/resources/NewEvent.feature:10)
]]>
    </error>
  </testcase> <!-- runScenario -->
=======
<testsuite hostname="DESKTOP-S76SA9N" failures="0" tests="1" name="com.nexsoft.runner.NewEventRunner" time="45.093" errors="0" timestamp="2022-06-27T09:11:21 ICT" skipped="0">
  <testcase classname="com.nexsoft.runner.NewEventRunner" name="runScenario" time="45.093"/>
>>>>>>> 43e38c9bd8e6773e7049c3aafe0a5b8a72ce9da9
  <system-out/>
</testsuite> <!-- com.nexsoft.runner.NewEventRunner -->
