<?xml version="1.0" encoding="UTF-8"?>
<!-- Generated by org.testng.reporters.JUnitReportReporter -->
<testsuite hostname="DESKTOP-S76SA9N" failures="0" tests="1" name="com.nexsoft.test.CameraTestTest" time="15.301" errors="0" timestamp="2022-06-23T14:16:05 ICT" skipped="0">
  <testcase classname="com.nexsoft.test.CameraTestTest" name="createScreenshotTest" time="15.301"/>
  <system-out>
    <![CDATA[<img src='file://D:\Project\Java\TestNG\ContactDiary\src\test\resources\20220623_141600.PNG'height="350" width="792"/>
<img src='file://D:\Project\Java\TestNG\ContactDiary\src\test\resources\20220623_141604.PNG'height="350" width="792"/>]]>
  </system-out>
</testsuite> <!-- com.nexsoft.test.CameraTestTest -->
